#
# A fatal error has been detected by the Java Runtime Environment:
#
#  SIGSEGV (0xb) at pc=0x00007fff7bc9e16c, pid=60303, tid=0x0000000000000307
#
# JRE version: Java(TM) SE Runtime Environment (8.0_121-b13) (build 1.8.0_121-b13)
# Java VM: Java HotSpot(TM) 64-Bit Server VM (25.121-b13 mixed mode bsd-amd64 compressed oops)
# Problematic frame:
# C  [CoreFoundation+0x2416c]  CFDataGetBytePtr+0x1c
#
# Failed to write core dump. Core dumps have been disabled. To enable core dumping, try "ulimit -c unlimited" before starting Java again
#
# If you would like to submit a bug report, please visit:
#   http://bugreport.java.com/bugreport/crash.jsp
# The crash happened outside the Java Virtual Machine in native code.
# See problematic frame for where to report the bug.
#

---------------  T H R E A D  ---------------

Current thread (0x00007faae90c7000):  JavaThread "JavaFX Application Thread" [_thread_in_native, id=775, stack(0x00007fff5cab5000,0x00007fff5d2b5000)]

siginfo: si_signo: 11 (SIGSEGV), si_code: 1 (SEGV_MAPERR), si_addr: 0x0000000000000000

Registers:
RAX=0x000000000000660f, RBX=0x0000000000000000, RCX=0x0016d3000016d300, RDX=0x0000000000000307
RSP=0x00007fff5d2acf00, RBP=0x00007fff5d2acf10, RSI=0x0000000000000307, RDI=0x0000000000000000
R8 =0x00007faae7431188, R9 =0x00000000010b4e07, R10=0x00007faae7431190, R11=0xffffffff00000000
R12=0x0000000000000000, R13=0x00007faaede591d0, R14=0x0000000000000000, R15=0x000000000000660f
RIP=0x00007fff7bc9e16c, EFLAGS=0x0000000000010246, ERR=0x0000000000000004
  TRAPNO=0x000000000000000e

Top of Stack: (sp=0x00007fff5d2acf00)
0x00007fff5d2acf00:   000000000000660f 00007faae74cef80
0x00007fff5d2acf10:   00007fff5d2acfd0 00007fff8d89c7ef
0x00007fff5d2acf20:   00007fff7a419459 0000000000000000
0x00007fff5d2acf30:   000114457a4c5d35 0000000000000000
0x00007fff5d2acf40:   0000000000000000 00007faae74cef80
0x00007fff5d2acf50:   00007fff7a45baa4 00007fff5d2acfb8
0x00007fff5d2acf60:   00007fff7da06763 00007fff7da06780
0x00007fff5d2acf70:   0100000000000000 0000000000000000
0x00007fff5d2acf80:   0000000000000001 00007faaede59140
0x00007fff5d2acf90:   00007faaede59dd0 00007faaede59ff0
0x00007fff5d2acfa0:   00007fff5d2acfd0 0000000000017e79
0x00007fff5d2acfb0:   0000000000026aff 00007faaede59140
0x00007fff5d2acfc0:   0000000000000000 0000000000011445
0x00007fff5d2acfd0:   00007fff5d2ad1c0 00007fff7993d86c
0x00007fff5d2acfe0:   00007fff00000005 0000000000000038
0x00007fff5d2acff0:   00007fff5d2ad020 00007fff91603282
0x00007fff5d2ad000:   0000000000002800 0000000000000038
0x00007fff5d2ad010:   01bfffffffffeb46 0000000000000004
0x00007fff5d2ad020:   000000010296d200 00007fff7a419459
0x00007fff5d2ad030:   00007fff7a4260bd 00007fff7a41aae6
0x00007fff5d2ad040:   00007faaede59dd0 000000000000005f
0x00007fff5d2ad050:   00007faaede5a110 00007fff7a419009
0x00007fff5d2ad060:   0000000000000001 00026aff00000000
0x00007fff5d2ad070:   000000000000000f 00007fff5d2ad090
0x00007fff5d2ad080:   00007faaede59ed8 000000000000005f
0x00007fff5d2ad090:   00007faaede59140 0000000000017e79
0x00007fff5d2ad0a0:   0000000000000000 0000000000000000
0x00007fff5d2ad0b0:   00007fff9a374060 00007fff9645fe80
0x00007fff5d2ad0c0:   00007fff5d2ad0e0 00007fff91602200
0x00007fff5d2ad0d0:   0000000000000000 00007fff5d2ad128
0x00007fff5d2ad0e0:   00007fff5d2ad110 00007fff914b588d
0x00007fff5d2ad0f0:   01bfffffffffeb46 0000000000026aff 

Instructions: (pc=0x00007fff7bc9e16c)
0x00007fff7bc9e14c:   1f 44 00 00 55 48 89 e5 53 50 48 89 fb 48 83 3d
0x00007fff7bc9e15c:   3f 1b 09 1b ff 0f 85 82 00 00 00 f6 c3 01 75 55
0x00007fff7bc9e16c:   48 8b 03 48 85 c0 74 41 48 8d 0d bd 14 09 1b 48
0x00007fff7bc9e17c:   3b 01 74 35 48 8b 15 21 1b 09 1b 31 c9 48 81 fa 

Register to memory mapping:

RAX=0x000000000000660f is an unknown value
RBX=0x0000000000000000 is an unknown value
RCX=0x0016d3000016d300 is an unknown value
RDX=0x0000000000000307 is an unknown value
RSP=0x00007fff5d2acf00 is pointing into the stack for thread: 0x00007faae90c7000
RBP=0x00007fff5d2acf10 is pointing into the stack for thread: 0x00007faae90c7000
RSI=0x0000000000000307 is an unknown value
RDI=0x0000000000000000 is an unknown value
R8 =0x00007faae7431188 is an unknown value
R9 =0x00000000010b4e07 is an unknown value
R10=0x00007faae7431190 is an unknown value
R11=0xffffffff00000000 is an unknown value
R12=0x0000000000000000 is an unknown value
R13=0x00007faaede591d0 is an unknown value
R14=0x0000000000000000 is an unknown value
R15=0x000000000000660f is an unknown value


Stack: [0x00007fff5cab5000,0x00007fff5d2b5000],  sp=0x00007fff5d2acf00,  free space=8159k
Native frames: (J=compiled Java code, j=interpreted, Vv=VM code, C=native code)
C  [CoreFoundation+0x2416c]  CFDataGetBytePtr+0x1c
C  [SkyLight+0x1137ef]  SLSShapeWindow+0xd1
C  [AppKit+0x18986c]  __NSCGSWindowMark__block_invoke+0x19d
C  [AppKit+0x189458]  NSCGSTransactionRunPreCommitActionsForOrder_+0x121
C  [AppKit+0x18931a]  NSCGSTransactionRunPreCommitActions_+0x15
C  [AppKit+0x1892f9]  __39+[_NSCGSTransaction currentTransaction]_block_invoke+0x22
C  [QuartzCore+0x11d06]  CA::Transaction::run_commit_handlers(CATransactionPhase)+0x2e
C  [QuartzCore+0x11bbdb]  CA::Context::commit_transaction(CA::Transaction*)+0x3bf
C  [QuartzCore+0x107e1]  CA::Transaction::commit()+0x1db
C  [AppKit+0x4788b1]  __37+[NSDisplayCycle currentDisplayCycle]_block_invoke.31+0x143
C  [CoreFoundation+0xa6d37]  __CFRUNLOOP_IS_CALLING_OUT_TO_AN_OBSERVER_CALLBACK_FUNCTION__+0x17
C  [CoreFoundation+0xa6ca7]  __CFRunLoopDoObservers+0x187
C  [CoreFoundation+0x876d9]  __CFRunLoopRun+0x369
C  [CoreFoundation+0x87114]  CFRunLoopRunSpecific+0x1a4
C  [Foundation+0x22252]  -[NSRunLoop(NSRunLoop) runMode:beforeDate:]+0x115
C  [libglass.dylib+0x66d8]  +[GlassApplication enterNestedEventLoopWithEnv:]+0x88
C  [libglass.dylib+0x713a]  Java_com_sun_glass_ui_mac_MacApplication__1enterNestedEventLoopImpl+0x4a
j  com.sun.glass.ui.mac.MacApplication._enterNestedEventLoopImpl()Ljava/lang/Object;+0
j  com.sun.glass.ui.mac.MacApplication._enterNestedEventLoop()Ljava/lang/Object;+15
j  com.sun.glass.ui.Application.enterNestedEventLoop()Ljava/lang/Object;+14
j  com.sun.glass.ui.EventLoop.enter()Ljava/lang/Object;+42
j  com.sun.javafx.tk.quantum.QuantumToolkit.enterNestedEventLoop(Ljava/lang/Object;)Ljava/lang/Object;+107
j  javafx.stage.Stage.showAndWait()V+93
j  javafx.scene.control.HeavyweightDialog.showAndWait()V+22
j  javafx.scene.control.Dialog.showAndWait()Ljava/util/Optional;+88
j  com.cbmwebdevelopment.bidder.BidderFXMLController.saveBidder(Ljavafx/event/ActionEvent;)V+284
v  ~StubRoutines::call_stub
V  [libjvm.dylib+0x2ed9d6]  JavaCalls::call_helper(JavaValue*, methodHandle*, JavaCallArguments*, Thread*)+0x6ae
V  [libjvm.dylib+0x4d26c4]  Reflection::invoke(instanceKlassHandle, methodHandle, Handle, bool, objArrayHandle, BasicType, objArrayHandle, bool, Thread*)+0xe12
V  [libjvm.dylib+0x4d2bf8]  Reflection::invoke_method(oopDesc*, Handle, objArrayHandle, Thread*)+0x16c
V  [libjvm.dylib+0x345db8]  JVM_InvokeMethod+0x166
j  sun.reflect.NativeMethodAccessorImpl.invoke0(Ljava/lang/reflect/Method;Ljava/lang/Object;[Ljava/lang/Object;)Ljava/lang/Object;+0
j  sun.reflect.NativeMethodAccessorImpl.invoke(Ljava/lang/Object;[Ljava/lang/Object;)Ljava/lang/Object;+100
J 1369 C1 sun.reflect.DelegatingMethodAccessorImpl.invoke(Ljava/lang/Object;[Ljava/lang/Object;)Ljava/lang/Object; (10 bytes) @ 0x0000000105b65e8c [0x0000000105b65d80+0x10c]
J 1368 C1 java.lang.reflect.Method.invoke(Ljava/lang/Object;[Ljava/lang/Object;)Ljava/lang/Object; (62 bytes) @ 0x0000000105b6589c [0x0000000105b654a0+0x3fc]
J 2047 C1 sun.reflect.GeneratedMethodAccessor1.invoke(Ljava/lang/Object;[Ljava/lang/Object;)Ljava/lang/Object; (65 bytes) @ 0x0000000105d3647c [0x0000000105d360c0+0x3bc]
J 1369 C1 sun.reflect.DelegatingMethodAccessorImpl.invoke(Ljava/lang/Object;[Ljava/lang/Object;)Ljava/lang/Object; (10 bytes) @ 0x0000000105b65e8c [0x0000000105b65d80+0x10c]
J 1368 C1 java.lang.reflect.Method.invoke(Ljava/lang/Object;[Ljava/lang/Object;)Ljava/lang/Object; (62 bytes) @ 0x0000000105b6589c [0x0000000105b654a0+0x3fc]
J 1986 C1 sun.reflect.misc.MethodUtil.invoke(Ljava/lang/reflect/Method;Ljava/lang/Object;[Ljava/lang/Object;)Ljava/lang/Object; (111 bytes) @ 0x0000000105d0734c [0x0000000105d06e80+0x4cc]
j  javafx.fxml.FXMLLoader$MethodHandler.invoke([Ljava/lang/Object;)V+19
j  javafx.fxml.FXMLLoader$ControllerMethodEventHandler.handle(Ljavafx/event/Event;)V+12
J 2648 C1 com.sun.javafx.event.CompositeEventHandler.dispatchBubblingEvent(Ljavafx/event/Event;)V (57 bytes) @ 0x0000000105f06f14 [0x0000000105f06b40+0x3d4]
J 2609 C1 com.sun.javafx.event.EventHandlerManager.dispatchBubblingEvent(Ljavafx/event/Event;)Ljavafx/event/Event; (23 bytes) @ 0x0000000105ed47a4 [0x0000000105ed4100+0x6a4]
J 1894 C1 com.sun.javafx.event.CompositeEventDispatcher.dispatchBubblingEvent(Ljavafx/event/Event;)Ljavafx/event/Event; (35 bytes) @ 0x0000000105cd54dc [0x0000000105cd5320+0x1bc]
J 1417 C1 com.sun.javafx.event.BasicEventDispatcher.dispatchEvent(Ljavafx/event/Event;Ljavafx/event/EventDispatchChain;)Ljavafx/event/Event; (44 bytes) @ 0x0000000105b7a6fc [0x0000000105b7a3c0+0x33c]
J 1218 C1 com.sun.javafx.event.EventDispatchChainImpl.dispatchEvent(Ljavafx/event/Event;)Ljavafx/event/Event; (101 bytes) @ 0x0000000105b31ad4 [0x0000000105b31920+0x1b4]
J 1417 C1 com.sun.javafx.event.BasicEventDispatcher.dispatchEvent(Ljavafx/event/Event;Ljavafx/event/EventDispatchChain;)Ljavafx/event/Event; (44 bytes) @ 0x0000000105b7a614 [0x0000000105b7a3c0+0x254]
J 1218 C1 com.sun.javafx.event.EventDispatchChainImpl.dispatchEvent(Ljavafx/event/Event;)Ljavafx/event/Event; (101 bytes) @ 0x0000000105b31ad4 [0x0000000105b31920+0x1b4]
J 1417 C1 com.sun.javafx.event.BasicEventDispatcher.dispatchEvent(Ljavafx/event/Event;Ljavafx/event/EventDispatchChain;)Ljavafx/event/Event; (44 bytes) @ 0x0000000105b7a614 [0x0000000105b7a3c0+0x254]
J 1218 C1 com.sun.javafx.event.EventDispatchChainImpl.dispatchEvent(Ljavafx/event/Event;)Ljavafx/event/Event; (101 bytes) @ 0x0000000105b31ad4 [0x0000000105b31920+0x1b4]
J 1417 C1 com.sun.javafx.event.BasicEventDispatcher.dispatchEvent(Ljavafx/event/Event;Ljavafx/event/EventDispatchChain;)Ljavafx/event/Event; (44 bytes) @ 0x0000000105b7a614 [0x0000000105b7a3c0+0x254]
J 1218 C1 com.sun.javafx.event.EventDispatchChainImpl.dispatchEvent(Ljavafx/event/Event;)Ljavafx/event/Event; (101 bytes) @ 0x0000000105b31ad4 [0x0000000105b31920+0x1b4]
J 1417 C1 com.sun.javafx.event.BasicEventDispatcher.dispatchEvent(Ljavafx/event/Event;Ljavafx/event/EventDispatchChain;)Ljavafx/event/Event; (44 bytes) @ 0x0000000105b7a614 [0x0000000105b7a3c0+0x254]
J 1218 C1 com.sun.javafx.event.EventDispatchChainImpl.dispatchEvent(Ljavafx/event/Event;)Ljavafx/event/Event; (101 bytes) @ 0x0000000105b31ad4 [0x0000000105b31920+0x1b4]
J 2624 C1 com.sun.javafx.event.EventUtil.fireEvent(Ljavafx/event/EventTarget;Ljavafx/event/Event;)Ljavafx/event/Event; (81 bytes) @ 0x0000000105ef9f2c [0x0000000105ef9340+0xbec]
J 2623 C1 javafx.event.Event.fireEvent(Ljavafx/event/EventTarget;Ljavafx/event/Event;)V (35 bytes) @ 0x0000000105ef712c [0x0000000105ef7060+0xcc]
j  javafx.scene.Node.fireEvent(Ljavafx/event/Event;)V+86
j  javafx.scene.control.Button.fire()V+15
j  com.sun.javafx.scene.control.behavior.ButtonBehavior.mouseReleased(Ljavafx/scene/input/MouseEvent;)V+23
j  com.sun.javafx.scene.control.skin.BehaviorSkinBase$1.handle(Ljavafx/scene/input/MouseEvent;)V+83
j  com.sun.javafx.scene.control.skin.BehaviorSkinBase$1.handle(Ljavafx/event/Event;)V+5
J 2669 C1 com.sun.javafx.event.CompositeEventHandler$NormalEventHandlerRecord.handleBubblingEvent(Ljavafx/event/Event;)V (11 bytes) @ 0x0000000105f21f8c [0x0000000105f21e80+0x10c]
J 2648 C1 com.sun.javafx.event.CompositeEventHandler.dispatchBubblingEvent(Ljavafx/event/Event;)V (57 bytes) @ 0x0000000105f06d84 [0x0000000105f06b40+0x244]
J 2609 C1 com.sun.javafx.event.EventHandlerManager.dispatchBubblingEvent(Ljavafx/event/Event;)Ljavafx/event/Event; (23 bytes) @ 0x0000000105ed47a4 [0x0000000105ed4100+0x6a4]
J 1894 C1 com.sun.javafx.event.CompositeEventDispatcher.dispatchBubblingEvent(Ljavafx/event/Event;)Ljavafx/event/Event; (35 bytes) @ 0x0000000105cd54dc [0x0000000105cd5320+0x1bc]
J 1417 C1 com.sun.javafx.event.BasicEventDispatcher.dispatchEvent(Ljavafx/event/Event;Ljavafx/event/EventDispatchChain;)Ljavafx/event/Event; (44 bytes) @ 0x0000000105b7a6fc [0x0000000105b7a3c0+0x33c]
J 1218 C1 com.sun.javafx.event.EventDispatchChainImpl.dispatchEvent(Ljavafx/event/Event;)Ljavafx/event/Event; (101 bytes) @ 0x0000000105b31ad4 [0x0000000105b31920+0x1b4]
J 1417 C1 com.sun.javafx.event.BasicEventDispatcher.dispatchEvent(Ljavafx/event/Event;Ljavafx/event/EventDispatchChain;)Ljavafx/event/Event; (44 bytes) @ 0x0000000105b7a614 [0x0000000105b7a3c0+0x254]
J 1218 C1 com.sun.javafx.event.EventDispatchChainImpl.dispatchEvent(Ljavafx/event/Event;)Ljavafx/event/Event; (101 bytes) @ 0x0000000105b31ad4 [0x0000000105b31920+0x1b4]
J 1417 C1 com.sun.javafx.event.BasicEventDispatcher.dispatchEvent(Ljavafx/event/Event;Ljavafx/event/EventDispatchChain;)Ljavafx/event/Event; (44 bytes) @ 0x0000000105b7a614 [0x0000000105b7a3c0+0x254]
J 1218 C1 com.sun.javafx.event.EventDispatchChainImpl.dispatchEvent(Ljavafx/event/Event;)Ljavafx/event/Event; (101 bytes) @ 0x0000000105b31ad4 [0x0000000105b31920+0x1b4]
J 1417 C1 com.sun.javafx.event.BasicEventDispatcher.dispatchEvent(Ljavafx/event/Event;Ljavafx/event/EventDispatchChain;)Ljavafx/event/Event; (44 bytes) @ 0x0000000105b7a614 [0x0000000105b7a3c0+0x254]
J 1218 C1 com.sun.javafx.event.EventDispatchChainImpl.dispatchEvent(Ljavafx/event/Event;)Ljavafx/event/Event; (101 bytes) @ 0x0000000105b31ad4 [0x0000000105b31920+0x1b4]
J 1417 C1 com.sun.javafx.event.BasicEventDispatcher.dispatchEvent(Ljavafx/event/Event;Ljavafx/event/EventDispatchChain;)Ljavafx/event/Event; (44 bytes) @ 0x0000000105b7a614 [0x0000000105b7a3c0+0x254]
J 1218 C1 com.sun.javafx.event.EventDispatchChainImpl.dispatchEvent(Ljavafx/event/Event;)Ljavafx/event/Event; (101 bytes) @ 0x0000000105b31ad4 [0x0000000105b31920+0x1b4]
J 2624 C1 com.sun.javafx.event.EventUtil.fireEvent(Ljavafx/event/EventTarget;Ljavafx/event/Event;)Ljavafx/event/Event; (81 bytes) @ 0x0000000105ef9a7c [0x0000000105ef9340+0x73c]
J 2623 C1 javafx.event.Event.fireEvent(Ljavafx/event/EventTarget;Ljavafx/event/Event;)V (35 bytes) @ 0x0000000105ef712c [0x0000000105ef7060+0xcc]
j  javafx.scene.Scene$MouseHandler.process(Ljavafx/scene/input/MouseEvent;Z)V+491
j  javafx.scene.Scene$MouseHandler.access$1500(Ljavafx/scene/Scene$MouseHandler;Ljavafx/scene/input/MouseEvent;Z)V+3
j  javafx.scene.Scene.impl_processMouseEvent(Ljavafx/scene/input/MouseEvent;)V+6
j  javafx.scene.Scene$ScenePeerListener.mouseEvent(Ljavafx/event/EventType;DDDDLjavafx/scene/input/MouseButton;ZZZZZZZZZ)V+46
j  com.sun.javafx.tk.quantum.GlassViewEventHandler$MouseEventNotification.run()Ljava/lang/Void;+514
j  com.sun.javafx.tk.quantum.GlassViewEventHandler$MouseEventNotification.run()Ljava/lang/Object;+1
v  ~StubRoutines::call_stub
V  [libjvm.dylib+0x2ed9d6]  JavaCalls::call_helper(JavaValue*, methodHandle*, JavaCallArguments*, Thread*)+0x6ae
V  [libjvm.dylib+0x34e114]  JVM_DoPrivileged+0x4b8
J 1117  java.security.AccessController.doPrivileged(Ljava/security/PrivilegedAction;Ljava/security/AccessControlContext;)Ljava/lang/Object; (0 bytes) @ 0x0000000105b0dd95 [0x0000000105b0dcc0+0xd5]
j  com.sun.javafx.tk.quantum.GlassViewEventHandler.lambda$handleMouseEvent$354()Ljava/lang/Void;+11
j  com.sun.javafx.tk.quantum.GlassViewEventHandler$$Lambda$197.get()Ljava/lang/Object;+4
j  com.sun.javafx.tk.quantum.QuantumToolkit.runWithoutRenderLock(Ljava/util/function/Supplier;)Ljava/lang/Object;+18
j  com.sun.javafx.tk.quantum.GlassViewEventHandler.handleMouseEvent(Lcom/sun/glass/ui/View;JIIIIIIIZZ)V+103
j  com.sun.glass.ui.View.handleMouseEvent(JIIIIIIIZZ)V+30
j  com.sun.glass.ui.View.notifyMouse(IIIIIIIZZ)V+181
v  ~StubRoutines::call_stub
V  [libjvm.dylib+0x2ed9d6]  JavaCalls::call_helper(JavaValue*, methodHandle*, JavaCallArguments*, Thread*)+0x6ae
V  [libjvm.dylib+0x324b65]  jni_invoke_nonstatic(JNIEnv_*, JavaValue*, _jobject*, JNICallType, _jmethodID*, JNI_ArgumentPusher*, Thread*)+0x2ec
V  [libjvm.dylib+0x317333]  jni_CallVoidMethod+0x16b
C  [libglass.dylib+0x2055c]  -[GlassViewDelegate sendJavaMouseEvent:]+0x86c
C  [AppKit+0x93c8de]  -[NSWindow(NSEventRouting) _reallySendEvent:isDelayedEvent:]+0x608
C  [AppKit+0x93bf0a]  -[NSWindow(NSEventRouting) sendEvent:]+0x21d
...<more frames>...

Java frames: (J=compiled Java code, j=interpreted, Vv=VM code)
j  com.sun.glass.ui.mac.MacApplication._enterNestedEventLoopImpl()Ljava/lang/Object;+0
j  com.sun.glass.ui.mac.MacApplication._enterNestedEventLoop()Ljava/lang/Object;+15
j  com.sun.glass.ui.Application.enterNestedEventLoop()Ljava/lang/Object;+14
j  com.sun.glass.ui.EventLoop.enter()Ljava/lang/Object;+42
j  com.sun.javafx.tk.quantum.QuantumToolkit.enterNestedEventLoop(Ljava/lang/Object;)Ljava/lang/Object;+107
j  javafx.stage.Stage.showAndWait()V+93
j  javafx.scene.control.HeavyweightDialog.showAndWait()V+22
j  javafx.scene.control.Dialog.showAndWait()Ljava/util/Optional;+88
j  com.cbmwebdevelopment.bidder.BidderFXMLController.saveBidder(Ljavafx/event/ActionEvent;)V+284
v  ~StubRoutines::call_stub
j  sun.reflect.NativeMethodAccessorImpl.invoke0(Ljava/lang/reflect/Method;Ljava/lang/Object;[Ljava/lang/Object;)Ljava/lang/Object;+0
j  sun.reflect.NativeMethodAccessorImpl.invoke(Ljava/lang/Object;[Ljava/lang/Object;)Ljava/lang/Object;+100
J 1369 C1 sun.reflect.DelegatingMethodAccessorImpl.invoke(Ljava/lang/Object;[Ljava/lang/Object;)Ljava/lang/Object; (10 bytes) @ 0x0000000105b65e8c [0x0000000105b65d80+0x10c]
J 1368 C1 java.lang.reflect.Method.invoke(Ljava/lang/Object;[Ljava/lang/Object;)Ljava/lang/Object; (62 bytes) @ 0x0000000105b6589c [0x0000000105b654a0+0x3fc]
J 2047 C1 sun.reflect.GeneratedMethodAccessor1.invoke(Ljava/lang/Object;[Ljava/lang/Object;)Ljava/lang/Object; (65 bytes) @ 0x0000000105d3647c [0x0000000105d360c0+0x3bc]
J 1369 C1 sun.reflect.DelegatingMethodAccessorImpl.invoke(Ljava/lang/Object;[Ljava/lang/Object;)Ljava/lang/Object; (10 bytes) @ 0x0000000105b65e8c [0x0000000105b65d80+0x10c]
J 1368 C1 java.lang.reflect.Method.invoke(Ljava/lang/Object;[Ljava/lang/Object;)Ljava/lang/Object; (62 bytes) @ 0x0000000105b6589c [0x0000000105b654a0+0x3fc]
J 1986 C1 sun.reflect.misc.MethodUtil.invoke(Ljava/lang/reflect/Method;Ljava/lang/Object;[Ljava/lang/Object;)Ljava/lang/Object; (111 bytes) @ 0x0000000105d0734c [0x0000000105d06e80+0x4cc]
j  javafx.fxml.FXMLLoader$MethodHandler.invoke([Ljava/lang/Object;)V+19
j  javafx.fxml.FXMLLoader$ControllerMethodEventHandler.handle(Ljavafx/event/Event;)V+12
J 2648 C1 com.sun.javafx.event.CompositeEventHandler.dispatchBubblingEvent(Ljavafx/event/Event;)V (57 bytes) @ 0x0000000105f06f14 [0x0000000105f06b40+0x3d4]
J 2609 C1 com.sun.javafx.event.EventHandlerManager.dispatchBubblingEvent(Ljavafx/event/Event;)Ljavafx/event/Event; (23 bytes) @ 0x0000000105ed47a4 [0x0000000105ed4100+0x6a4]
J 1894 C1 com.sun.javafx.event.CompositeEventDispatcher.dispatchBubblingEvent(Ljavafx/event/Event;)Ljavafx/event/Event; (35 bytes) @ 0x0000000105cd54dc [0x0000000105cd5320+0x1bc]
J 1417 C1 com.sun.javafx.event.BasicEventDispatcher.dispatchEvent(Ljavafx/event/Event;Ljavafx/event/EventDispatchChain;)Ljavafx/event/Event; (44 bytes) @ 0x0000000105b7a6fc [0x0000000105b7a3c0+0x33c]
J 1218 C1 com.sun.javafx.event.EventDispatchChainImpl.dispatchEvent(Ljavafx/event/Event;)Ljavafx/event/Event; (101 bytes) @ 0x0000000105b31ad4 [0x0000000105b31920+0x1b4]
J 1417 C1 com.sun.javafx.event.BasicEventDispatcher.dispatchEvent(Ljavafx/event/Event;Ljavafx/event/EventDispatchChain;)Ljavafx/event/Event; (44 bytes) @ 0x0000000105b7a614 [0x0000000105b7a3c0+0x254]
J 1218 C1 com.sun.javafx.event.EventDispatchChainImpl.dispatchEvent(Ljavafx/event/Event;)Ljavafx/event/Event; (101 bytes) @ 0x0000000105b31ad4 [0x0000000105b31920+0x1b4]
J 1417 C1 com.sun.javafx.event.BasicEventDispatcher.dispatchEvent(Ljavafx/event/Event;Ljavafx/event/EventDispatchChain;)Ljavafx/event/Event; (44 bytes) @ 0x0000000105b7a614 [0x0000000105b7a3c0+0x254]
J 1218 C1 com.sun.javafx.event.EventDispatchChainImpl.dispatchEvent(Ljavafx/event/Event;)Ljavafx/event/Event; (101 bytes) @ 0x0000000105b31ad4 [0x0000000105b31920+0x1b4]
J 1417 C1 com.sun.javafx.event.BasicEventDispatcher.dispatchEvent(Ljavafx/event/Event;Ljavafx/event/EventDispatchChain;)Ljavafx/event/Event; (44 bytes) @ 0x0000000105b7a614 [0x0000000105b7a3c0+0x254]
J 1218 C1 com.sun.javafx.event.EventDispatchChainImpl.dispatchEvent(Ljavafx/event/Event;)Ljavafx/event/Event; (101 bytes) @ 0x0000000105b31ad4 [0x0000000105b31920+0x1b4]
J 1417 C1 com.sun.javafx.event.BasicEventDispatcher.dispatchEvent(Ljavafx/event/Event;Ljavafx/event/EventDispatchChain;)Ljavafx/event/Event; (44 bytes) @ 0x0000000105b7a614 [0x0000000105b7a3c0+0x254]
J 1218 C1 com.sun.javafx.event.EventDispatchChainImpl.dispatchEvent(Ljavafx/event/Event;)Ljavafx/event/Event; (101 bytes) @ 0x0000000105b31ad4 [0x0000000105b31920+0x1b4]
J 2624 C1 com.sun.javafx.event.EventUtil.fireEvent(Ljavafx/event/EventTarget;Ljavafx/event/Event;)Ljavafx/event/Event; (81 bytes) @ 0x0000000105ef9f2c [0x0000000105ef9340+0xbec]
J 2623 C1 javafx.event.Event.fireEvent(Ljavafx/event/EventTarget;Ljavafx/event/Event;)V (35 bytes) @ 0x0000000105ef712c [0x0000000105ef7060+0xcc]
j  javafx.scene.Node.fireEvent(Ljavafx/event/Event;)V+86
j  javafx.scene.control.Button.fire()V+15
j  com.sun.javafx.scene.control.behavior.ButtonBehavior.mouseReleased(Ljavafx/scene/input/MouseEvent;)V+23
j  com.sun.javafx.scene.control.skin.BehaviorSkinBase$1.handle(Ljavafx/scene/input/MouseEvent;)V+83
j  com.sun.javafx.scene.control.skin.BehaviorSkinBase$1.handle(Ljavafx/event/Event;)V+5
J 2669 C1 com.sun.javafx.event.CompositeEventHandler$NormalEventHandlerRecord.handleBubblingEvent(Ljavafx/event/Event;)V (11 bytes) @ 0x0000000105f21f8c [0x0000000105f21e80+0x10c]
J 2648 C1 com.sun.javafx.event.CompositeEventHandler.dispatchBubblingEvent(Ljavafx/event/Event;)V (57 bytes) @ 0x0000000105f06d84 [0x0000000105f06b40+0x244]
J 2609 C1 com.sun.javafx.event.EventHandlerManager.dispatchBubblingEvent(Ljavafx/event/Event;)Ljavafx/event/Event; (23 bytes) @ 0x0000000105ed47a4 [0x0000000105ed4100+0x6a4]
J 1894 C1 com.sun.javafx.event.CompositeEventDispatcher.dispatchBubblingEvent(Ljavafx/event/Event;)Ljavafx/event/Event; (35 bytes) @ 0x0000000105cd54dc [0x0000000105cd5320+0x1bc]
J 1417 C1 com.sun.javafx.event.BasicEventDispatcher.dispatchEvent(Ljavafx/event/Event;Ljavafx/event/EventDispatchChain;)Ljavafx/event/Event; (44 bytes) @ 0x0000000105b7a6fc [0x0000000105b7a3c0+0x33c]
J 1218 C1 com.sun.javafx.event.EventDispatchChainImpl.dispatchEvent(Ljavafx/event/Event;)Ljavafx/event/Event; (101 bytes) @ 0x0000000105b31ad4 [0x0000000105b31920+0x1b4]
J 1417 C1 com.sun.javafx.event.BasicEventDispatcher.dispatchEvent(Ljavafx/event/Event;Ljavafx/event/EventDispatchChain;)Ljavafx/event/Event; (44 bytes) @ 0x0000000105b7a614 [0x0000000105b7a3c0+0x254]
J 1218 C1 com.sun.javafx.event.EventDispatchChainImpl.dispatchEvent(Ljavafx/event/Event;)Ljavafx/event/Event; (101 bytes) @ 0x0000000105b31ad4 [0x0000000105b31920+0x1b4]
J 1417 C1 com.sun.javafx.event.BasicEventDispatcher.dispatchEvent(Ljavafx/event/Event;Ljavafx/event/EventDispatchChain;)Ljavafx/event/Event; (44 bytes) @ 0x0000000105b7a614 [0x0000000105b7a3c0+0x254]
J 1218 C1 com.sun.javafx.event.EventDispatchChainImpl.dispatchEvent(Ljavafx/event/Event;)Ljavafx/event/Event; (101 bytes) @ 0x0000000105b31ad4 [0x0000000105b31920+0x1b4]
J 1417 C1 com.sun.javafx.event.BasicEventDispatcher.dispatchEvent(Ljavafx/event/Event;Ljavafx/event/EventDispatchChain;)Ljavafx/event/Event; (44 bytes) @ 0x0000000105b7a614 [0x0000000105b7a3c0+0x254]
J 1218 C1 com.sun.javafx.event.EventDispatchChainImpl.dispatchEvent(Ljavafx/event/Event;)Ljavafx/event/Event; (101 bytes) @ 0x0000000105b31ad4 [0x0000000105b31920+0x1b4]
J 1417 C1 com.sun.javafx.event.BasicEventDispatcher.dispatchEvent(Ljavafx/event/Event;Ljavafx/event/EventDispatchChain;)Ljavafx/event/Event; (44 bytes) @ 0x0000000105b7a614 [0x0000000105b7a3c0+0x254]
J 1218 C1 com.sun.javafx.event.EventDispatchChainImpl.dispatchEvent(Ljavafx/event/Event;)Ljavafx/event/Event; (101 bytes) @ 0x0000000105b31ad4 [0x0000000105b31920+0x1b4]
J 2624 C1 com.sun.javafx.event.EventUtil.fireEvent(Ljavafx/event/EventTarget;Ljavafx/event/Event;)Ljavafx/event/Event; (81 bytes) @ 0x0000000105ef9a7c [0x0000000105ef9340+0x73c]
J 2623 C1 javafx.event.Event.fireEvent(Ljavafx/event/EventTarget;Ljavafx/event/Event;)V (35 bytes) @ 0x0000000105ef712c [0x0000000105ef7060+0xcc]
j  javafx.scene.Scene$MouseHandler.process(Ljavafx/scene/input/MouseEvent;Z)V+491
j  javafx.scene.Scene$MouseHandler.access$1500(Ljavafx/scene/Scene$MouseHandler;Ljavafx/scene/input/MouseEvent;Z)V+3
j  javafx.scene.Scene.impl_processMouseEvent(Ljavafx/scene/input/MouseEvent;)V+6
j  javafx.scene.Scene$ScenePeerListener.mouseEvent(Ljavafx/event/EventType;DDDDLjavafx/scene/input/MouseButton;ZZZZZZZZZ)V+46
j  com.sun.javafx.tk.quantum.GlassViewEventHandler$MouseEventNotification.run()Ljava/lang/Void;+514
j  com.sun.javafx.tk.quantum.GlassViewEventHandler$MouseEventNotification.run()Ljava/lang/Object;+1
v  ~StubRoutines::call_stub
J 1117  java.security.AccessController.doPrivileged(Ljava/security/PrivilegedAction;Ljava/security/AccessControlContext;)Ljava/lang/Object; (0 bytes) @ 0x0000000105b0dd23 [0x0000000105b0dcc0+0x63]
j  com.sun.javafx.tk.quantum.GlassViewEventHandler.lambda$handleMouseEvent$354()Ljava/lang/Void;+11
j  com.sun.javafx.tk.quantum.GlassViewEventHandler$$Lambda$197.get()Ljava/lang/Object;+4
j  com.sun.javafx.tk.quantum.QuantumToolkit.runWithoutRenderLock(Ljava/util/function/Supplier;)Ljava/lang/Object;+18
j  com.sun.javafx.tk.quantum.GlassViewEventHandler.handleMouseEvent(Lcom/sun/glass/ui/View;JIIIIIIIZZ)V+103
j  com.sun.glass.ui.View.handleMouseEvent(JIIIIIIIZZ)V+30
j  com.sun.glass.ui.View.notifyMouse(IIIIIIIZZ)V+181
v  ~StubRoutines::call_stub

---------------  P R O C E S S  ---------------

Java Threads: ( => current thread )
  0x00007faae9971800 JavaThread "Abandoned connection cleanup thread" daemon [_thread_blocked, id=60423, stack(0x000070000b5c5000,0x000070000b6c5000)]
  0x00007faae8157000 JavaThread "Prism Font Disposer" daemon [_thread_blocked, id=59943, stack(0x000070000b12d000,0x000070000b22d000)]
  0x00007faae78f8800 JavaThread "JavaFX-Launcher" [_thread_blocked, id=56323, stack(0x000070000b02a000,0x000070000b12a000)]
  0x00007faae8134800 JavaThread "Thread-3" daemon [_thread_in_native, id=43011, stack(0x000070000af24000,0x000070000afa4000)]
=>0x00007faae90c7000 JavaThread "JavaFX Application Thread" [_thread_in_native, id=775, stack(0x00007fff5cab5000,0x00007fff5d2b5000)]
  0x00007faae9099000 JavaThread "Thread-1" daemon [_thread_blocked, id=28931, stack(0x000070000ae21000,0x000070000af21000)]
  0x00007faae80e8000 JavaThread "QuantumRenderer-0" daemon [_thread_blocked, id=22275, stack(0x000070000ad1e000,0x000070000ae1e000)]
  0x00007faae7809800 JavaThread "Service Thread" daemon [_thread_blocked, id=21251, stack(0x000070000ab18000,0x000070000ac18000)]
  0x00007faae9039800 JavaThread "C1 CompilerThread3" daemon [_thread_blocked, id=20739, stack(0x000070000aa15000,0x000070000ab15000)]
  0x00007faae9037800 JavaThread "C2 CompilerThread2" daemon [_thread_blocked, id=20227, stack(0x000070000a912000,0x000070000aa12000)]
  0x00007faae7816000 JavaThread "C2 CompilerThread1" daemon [_thread_blocked, id=19715, stack(0x000070000a80f000,0x000070000a90f000)]
  0x00007faae9813000 JavaThread "C2 CompilerThread0" daemon [_thread_blocked, id=19203, stack(0x000070000a70c000,0x000070000a80c000)]
  0x00007faae9812800 JavaThread "Signal Dispatcher" daemon [_thread_blocked, id=18691, stack(0x000070000a609000,0x000070000a709000)]
  0x00007faae7811800 JavaThread "Finalizer" daemon [_thread_blocked, id=14339, stack(0x000070000a483000,0x000070000a583000)]
  0x00007faae902f800 JavaThread "Reference Handler" daemon [_thread_blocked, id=13827, stack(0x000070000a380000,0x000070000a480000)]
  0x00007faae8004000 JavaThread "main" [_thread_blocked, id=6915, stack(0x0000700009962000,0x0000700009a62000)]

Other Threads:
  0x00007faae9009000 VMThread [stack: 0x000070000a27d000,0x000070000a37d000] [id=13315]
  0x00007faaeb005000 WatcherThread [stack: 0x000070000ac1b000,0x000070000ad1b000] [id=21763]

VM state:not at safepoint (normal execution)

VM Mutex/Monitor currently owned by a thread: None

Heap:
 PSYoungGen      total 76288K, used 16662K [0x000000076ab00000, 0x0000000774000000, 0x00000007c0000000)
  eden space 65536K, 25% used [0x000000076ab00000,0x000000076bb45960,0x000000076eb00000)
  from space 10752K, 0% used [0x000000076f580000,0x000000076f580000,0x0000000770000000)
  to   space 10752K, 0% used [0x000000076eb00000,0x000000076eb00000,0x000000076f580000)
 ParOldGen       total 97280K, used 16703K [0x00000006c0000000, 0x00000006c5f00000, 0x000000076ab00000)
  object space 97280K, 17% used [0x00000006c0000000,0x00000006c104fd08,0x00000006c5f00000)
 Metaspace       used 22579K, capacity 23954K, committed 23984K, reserved 1069056K
  class space    used 3204K, capacity 3496K, committed 3504K, reserved 1048576K

Card table byte_map: [0x0000000103e14000,0x0000000104615000] byte_map_base: 0x0000000100814000

Marking Bits: (ParMarkBitMap*) 0x000000010507bd30
 Begin Bits: [0x0000000114c83000, 0x0000000118c83000)
 End Bits:   [0x0000000118c83000, 0x000000011cc83000)

Polling page: 0x00000001029fa000

CodeCache: size=245760Kb used=8786Kb max_used=8786Kb free=236973Kb
 bounds [0x000000010572d000, 0x0000000105fcd000, 0x000000011472d000]
 total_blobs=3585 nmethods=2873 adapters=624
 compilation: enabled

Compilation events (10 events):
Event: 14.475 Thread 0x00007faae9039800 2872       1       java.util.TreeMap::size (5 bytes)
Event: 14.475 Thread 0x00007faae9039800 nmethod 2872 0x0000000105fb2f50 code [0x0000000105fb30a0, 0x0000000105fb31b0]
Event: 14.475 Thread 0x00007faae9039800 2859       1       javafx.scene.shape.Shape::access$800 (5 bytes)
Event: 14.475 Thread 0x00007faae9039800 nmethod 2859 0x0000000105fb2c90 code [0x0000000105fb2de0, 0x0000000105fb2ed0]
Event: 14.475 Thread 0x00007faae9039800 2862       1       javafx.scene.shape.Shape::access$700 (5 bytes)
Event: 14.476 Thread 0x00007faae9039800 nmethod 2862 0x0000000105fc6e90 code [0x0000000105fc6fe0, 0x0000000105fc70d0]
Event: 14.476 Thread 0x00007faae9039800 2863       1       javafx.scene.shape.Shape$StyleableProperties$4::isSettable (2 bytes)
Event: 14.476 Thread 0x00007faae9039800 nmethod 2863 0x0000000105fc7150 code [0x0000000105fc72a0, 0x0000000105fc73b0]
Event: 14.476 Thread 0x00007faae9039800 2873       1       java.util.TreeMap$Entry::getKey (5 bytes)
Event: 14.476 Thread 0x00007faae9039800 nmethod 2873 0x0000000105fc7410 code [0x0000000105fc7560, 0x0000000105fc7670]

GC Heap History (6 events):
Event: 13.081 GC heap before
{Heap before GC invocations=1 (full 0):
 PSYoungGen      total 76288K, used 65536K [0x000000076ab00000, 0x0000000770000000, 0x00000007c0000000)
  eden space 65536K, 100% used [0x000000076ab00000,0x000000076eb00000,0x000000076eb00000)
  from space 10752K, 0% used [0x000000076f580000,0x000000076f580000,0x0000000770000000)
  to   space 10752K, 0% used [0x000000076eb00000,0x000000076eb00000,0x000000076f580000)
 ParOldGen       total 175104K, used 0K [0x00000006c0000000, 0x00000006cab00000, 0x000000076ab00000)
  object space 175104K, 0% used [0x00000006c0000000,0x00000006c0000000,0x00000006cab00000)
 Metaspace       used 20174K, capacity 20918K, committed 20992K, reserved 1067008K
  class space    used 2823K, capacity 3032K, committed 3072K, reserved 1048576K
Event: 13.093 GC heap after
Heap after GC invocations=1 (full 0):
 PSYoungGen      total 76288K, used 10736K [0x000000076ab00000, 0x0000000770000000, 0x00000007c0000000)
  eden space 65536K, 0% used [0x000000076ab00000,0x000000076ab00000,0x000000076eb00000)
  from space 10752K, 99% used [0x000000076eb00000,0x000000076f57c040,0x000000076f580000)
  to   space 10752K, 0% used [0x000000076f580000,0x000000076f580000,0x0000000770000000)
 ParOldGen       total 175104K, used 10317K [0x00000006c0000000, 0x00000006cab00000, 0x000000076ab00000)
  object space 175104K, 5% used [0x00000006c0000000,0x00000006c0a13700,0x00000006cab00000)
 Metaspace       used 20174K, capacity 20918K, committed 20992K, reserved 1067008K
  class space    used 2823K, capacity 3032K, committed 3072K, reserved 1048576K
}
Event: 13.138 GC heap before
{Heap before GC invocations=2 (full 0):
 PSYoungGen      total 76288K, used 15748K [0x000000076ab00000, 0x0000000770000000, 0x00000007c0000000)
  eden space 65536K, 7% used [0x000000076ab00000,0x000000076afe52c8,0x000000076eb00000)
  from space 10752K, 99% used [0x000000076eb00000,0x000000076f57c040,0x000000076f580000)
  to   space 10752K, 0% used [0x000000076f580000,0x000000076f580000,0x0000000770000000)
 ParOldGen       total 175104K, used 10317K [0x00000006c0000000, 0x00000006cab00000, 0x000000076ab00000)
  object space 175104K, 5% used [0x00000006c0000000,0x00000006c0a13700,0x00000006cab00000)
 Metaspace       used 20472K, capacity 21252K, committed 21296K, reserved 1067008K
  class space    used 2873K, capacity 3079K, committed 3120K, reserved 1048576K
Event: 13.145 GC heap after
Heap after GC invocations=2 (full 0):
 PSYoungGen      total 76288K, used 10720K [0x000000076ab00000, 0x0000000774000000, 0x00000007c0000000)
  eden space 65536K, 0% used [0x000000076ab00000,0x000000076ab00000,0x000000076eb00000)
  from space 10752K, 99% used [0x000000076f580000,0x000000076fff8070,0x0000000770000000)
  to   space 10752K, 0% used [0x000000076eb00000,0x000000076eb00000,0x000000076f580000)
 ParOldGen       total 175104K, used 10516K [0x00000006c0000000, 0x00000006cab00000, 0x000000076ab00000)
  object space 175104K, 6% used [0x00000006c0000000,0x00000006c0a45068,0x00000006cab00000)
 Metaspace       used 20472K, capacity 21252K, committed 21296K, reserved 1067008K
  class space    used 2873K, capacity 3079K, committed 3120K, reserved 1048576K
}
Event: 13.145 GC heap before
{Heap before GC invocations=3 (full 1):
 PSYoungGen      total 76288K, used 10720K [0x000000076ab00000, 0x0000000774000000, 0x00000007c0000000)
  eden space 65536K, 0% used [0x000000076ab00000,0x000000076ab00000,0x000000076eb00000)
  from space 10752K, 99% used [0x000000076f580000,0x000000076fff8070,0x0000000770000000)
  to   space 10752K, 0% used [0x000000076eb00000,0x000000076eb00000,0x000000076f580000)
 ParOldGen       total 175104K, used 10516K [0x00000006c0000000, 0x00000006cab00000, 0x000000076ab00000)
  object space 175104K, 6% used [0x00000006c0000000,0x00000006c0a45068,0x00000006cab00000)
 Metaspace       used 20472K, capacity 21252K, committed 21296K, reserved 1067008K
  class space    used 2873K, capacity 3079K, committed 3120K, reserved 1048576K
Event: 13.170 GC heap after
Heap after GC invocations=3 (full 1):
 PSYoungGen      total 76288K, used 0K [0x000000076ab00000, 0x0000000774000000, 0x00000007c0000000)
  eden space 65536K, 0% used [0x000000076ab00000,0x000000076ab00000,0x000000076eb00000)
  from space 10752K, 0% used [0x000000076f580000,0x000000076f580000,0x0000000770000000)
  to   space 10752K, 0% used [0x000000076eb00000,0x000000076eb00000,0x000000076f580000)
 ParOldGen       total 97280K, used 16703K [0x00000006c0000000, 0x00000006c5f00000, 0x000000076ab00000)
  object space 97280K, 17% used [0x00000006c0000000,0x00000006c104fd08,0x00000006c5f00000)
 Metaspace       used 20472K, capacity 21252K, committed 21296K, reserved 1067008K
  class space    used 2873K, capacity 3079K, committed 3120K, reserved 1048576K
}

Deoptimization events (10 events):
Event: 14.388 Thread 0x00007faae90c7000 Uncommon trap: reason=array_check action=maybe_recompile pc=0x0000000105ee9b3c method=com.sun.javafx.css.SimpleSelector.applies(Ljavafx/css/Styleable;[Ljava/util/Set;I)Z @ 37
Event: 14.412 Thread 0x00007faae90c7000 Uncommon trap: reason=unstable_if action=reinterpret pc=0x0000000105c30ff0 method=java.io.ByteArrayInputStream.read()I @ 8
Event: 14.412 Thread 0x00007faae90c7000 Uncommon trap: reason=class_check action=maybe_recompile pc=0x0000000105aa84d4 method=java.io.FilterInputStream.read()I @ 4
Event: 14.412 Thread 0x00007faae90c7000 Uncommon trap: reason=class_check action=maybe_recompile pc=0x0000000105aa84d4 method=java.io.FilterInputStream.read()I @ 4
Event: 14.412 Thread 0x00007faae90c7000 Uncommon trap: reason=class_check action=maybe_recompile pc=0x0000000105aa84d4 method=java.io.FilterInputStream.read()I @ 4
Event: 14.412 Thread 0x00007faae90c7000 Uncommon trap: reason=class_check action=maybe_recompile pc=0x0000000105aa84d4 method=java.io.FilterInputStream.read()I @ 4
Event: 14.421 Thread 0x00007faae90c7000 Uncommon trap: reason=unstable_if action=reinterpret pc=0x0000000105f26bc4 method=java.util.HashMap.removeNode(ILjava/lang/Object;Ljava/lang/Object;ZZ)Ljava/util/HashMap$Node; @ 46
Event: 14.422 Thread 0x00007faae90c7000 Uncommon trap: reason=class_check action=maybe_recompile pc=0x0000000105f4a13c method=com.sun.javafx.collections.ObservableMapWrapper.get(Ljava/lang/Object;)Ljava/lang/Object; @ 5
Event: 14.466 Thread 0x00007faae90c7000 Uncommon trap: reason=bimorphic action=maybe_recompile pc=0x0000000105c4c8d0 method=java.util.HashMap.putVal(ILjava/lang/Object;Ljava/lang/Object;ZZ)Ljava/lang/Object; @ 203
Event: 14.467 Thread 0x00007faae90c7000 Uncommon trap: reason=bimorphic action=maybe_recompile pc=0x0000000105c4c8d0 method=java.util.HashMap.putVal(ILjava/lang/Object;Ljava/lang/Object;ZZ)Ljava/lang/Object; @ 203

Internal exceptions (10 events):
Event: 6.573 Thread 0x00007faae90c7000 Exception <a 'java/security/PrivilegedActionException'> (0x000000076d5ecc70) thrown at [/Users/java_re/workspace/8-2-build-macosx-x86_64/jdk8u121/8372/hotspot/src/share/vm/prims/jvm.cpp, line 1390]
Event: 6.578 Thread 0x00007faae90c7000 Exception <a 'java/security/PrivilegedActionException'> (0x000000076d648148) thrown at [/Users/java_re/workspace/8-2-build-macosx-x86_64/jdk8u121/8372/hotspot/src/share/vm/prims/jvm.cpp, line 1390]
Event: 6.578 Thread 0x00007faae90c7000 Exception <a 'java/security/PrivilegedActionException'> (0x000000076d648910) thrown at [/Users/java_re/workspace/8-2-build-macosx-x86_64/jdk8u121/8372/hotspot/src/share/vm/prims/jvm.cpp, line 1390]
Event: 6.578 Thread 0x00007faae90c7000 Exception <a 'java/security/PrivilegedActionException'> (0x000000076d64b3d8) thrown at [/Users/java_re/workspace/8-2-build-macosx-x86_64/jdk8u121/8372/hotspot/src/share/vm/prims/jvm.cpp, line 1390]
Event: 6.578 Thread 0x00007faae90c7000 Exception <a 'java/security/PrivilegedActionException'> (0x000000076d64bba0) thrown at [/Users/java_re/workspace/8-2-build-macosx-x86_64/jdk8u121/8372/hotspot/src/share/vm/prims/jvm.cpp, line 1390]
Event: 6.578 Thread 0x00007faae90c7000 Exception <a 'java/security/PrivilegedActionException'> (0x000000076d64e920) thrown at [/Users/java_re/workspace/8-2-build-macosx-x86_64/jdk8u121/8372/hotspot/src/share/vm/prims/jvm.cpp, line 1390]
Event: 6.578 Thread 0x00007faae90c7000 Exception <a 'java/security/PrivilegedActionException'> (0x000000076d64f0e8) thrown at [/Users/java_re/workspace/8-2-build-macosx-x86_64/jdk8u121/8372/hotspot/src/share/vm/prims/jvm.cpp, line 1390]
Event: 6.578 Thread 0x00007faae90c7000 Exception <a 'java/security/PrivilegedActionException'> (0x000000076d651c00) thrown at [/Users/java_re/workspace/8-2-build-macosx-x86_64/jdk8u121/8372/hotspot/src/share/vm/prims/jvm.cpp, line 1390]
Event: 6.578 Thread 0x00007faae90c7000 Exception <a 'java/security/PrivilegedActionException'> (0x000000076d6523c8) thrown at [/Users/java_re/workspace/8-2-build-macosx-x86_64/jdk8u121/8372/hotspot/src/share/vm/prims/jvm.cpp, line 1390]
Event: 13.053 Thread 0x00007faae90c7000 Exception <a 'java/lang/ArrayIndexOutOfBoundsException'> (0x000000076e82e3f0) thrown at [/Users/java_re/workspace/8-2-build-macosx-x86_64/jdk8u121/8372/hotspot/src/share/vm/runtime/sharedRuntime.cpp, line 605]

Events (10 events):
Event: 14.469 loading class com/sun/javafx/tk/quantum/QuantumToolkit
Event: 14.469 loading class com/sun/javafx/tk/quantum/QuantumToolkit done
Event: 14.469 loading class com/sun/javafx/tk/quantum/QuantumToolkit
Event: 14.469 loading class com/sun/javafx/tk/quantum/QuantumToolkit done
Event: 14.470 loading class com/sun/javafx/tk/RenderJob
Event: 14.470 loading class com/sun/javafx/tk/RenderJob done
Event: 14.475 loading class com/sun/glass/ui/EventLoop
Event: 14.475 loading class com/sun/glass/ui/EventLoop done
Event: 14.475 loading class com/sun/glass/ui/EventLoop$State
Event: 14.475 loading class com/sun/glass/ui/EventLoop$State done


Dynamic libraries:
0x0000000006903000 	/System/Library/Frameworks/Cocoa.framework/Versions/A/Cocoa
0x0000000006903000 	/System/Library/Frameworks/Security.framework/Versions/A/Security
0x0000000006903000 	/System/Library/Frameworks/ApplicationServices.framework/Versions/A/ApplicationServices
0x0000000006903000 	/usr/lib/libz.1.dylib
0x0000000006903000 	/usr/lib/libSystem.B.dylib
0x0000000006903000 	/usr/lib/libobjc.A.dylib
0x0000000006903000 	/System/Library/Frameworks/CoreFoundation.framework/Versions/A/CoreFoundation
0x0000000006903000 	/System/Library/Frameworks/Foundation.framework/Versions/C/Foundation
0x0000000006903000 	/System/Library/Frameworks/AppKit.framework/Versions/C/AppKit
0x0000000006903000 	/System/Library/Frameworks/CoreData.framework/Versions/A/CoreData
0x0000000006903000 	/System/Library/PrivateFrameworks/RemoteViewServices.framework/Versions/A/RemoteViewServices
0x0000000006903000 	/System/Library/PrivateFrameworks/UIFoundation.framework/Versions/A/UIFoundation
0x0000000006903000 	/System/Library/PrivateFrameworks/DFRFoundation.framework/Versions/A/DFRFoundation
0x0000000006903000 	/usr/lib/libenergytrace.dylib
0x0000000006903000 	/System/Library/PrivateFrameworks/SkyLight.framework/Versions/A/SkyLight
0x0000000006903000 	/System/Library/Frameworks/CoreGraphics.framework/Versions/A/CoreGraphics
0x0000000006903000 	/usr/lib/libScreenReader.dylib
0x0000000006903000 	/System/Library/Frameworks/Accelerate.framework/Versions/A/Accelerate
0x0000000006903000 	/System/Library/Frameworks/IOSurface.framework/Versions/A/IOSurface
0x0000000006903000 	/System/Library/Frameworks/AudioToolbox.framework/Versions/A/AudioToolbox
0x0000000006903000 	/System/Library/Frameworks/AudioUnit.framework/Versions/A/AudioUnit
0x0000000006903000 	/System/Library/PrivateFrameworks/DataDetectorsCore.framework/Versions/A/DataDetectorsCore
0x0000000006903000 	/System/Library/PrivateFrameworks/DesktopServicesPriv.framework/Versions/A/DesktopServicesPriv
0x0000000006903000 	/System/Library/Frameworks/Carbon.framework/Versions/A/Frameworks/HIToolbox.framework/Versions/A/HIToolbox
0x0000000006903000 	/usr/lib/libicucore.A.dylib
0x0000000006903000 	/System/Library/Frameworks/QuartzCore.framework/Versions/A/QuartzCore
0x0000000006903000 	/System/Library/Frameworks/Carbon.framework/Versions/A/Frameworks/SpeechRecognition.framework/Versions/A/SpeechRecognition
0x0000000006903000 	/usr/lib/libauto.dylib
0x0000000006903000 	/usr/lib/libxml2.2.dylib
0x0000000006903000 	/System/Library/PrivateFrameworks/CoreUI.framework/Versions/A/CoreUI
0x0000000006903000 	/System/Library/Frameworks/CoreAudio.framework/Versions/A/CoreAudio
0x0000000006903000 	/System/Library/Frameworks/DiskArbitration.framework/Versions/A/DiskArbitration
0x0000000006903000 	/usr/lib/liblangid.dylib
0x0000000006903000 	/System/Library/PrivateFrameworks/MultitouchSupport.framework/Versions/A/MultitouchSupport
0x0000000006903000 	/System/Library/Frameworks/IOKit.framework/Versions/A/IOKit
0x0000000006903000 	/usr/lib/libDiagnosticMessagesClient.dylib
0x0000000006903000 	/System/Library/Frameworks/CoreServices.framework/Versions/A/CoreServices
0x0000000006903000 	/System/Library/PrivateFrameworks/PerformanceAnalysis.framework/Versions/A/PerformanceAnalysis
0x0000000006903000 	/System/Library/PrivateFrameworks/GenerationalStorage.framework/Versions/A/GenerationalStorage
0x0000000006903000 	/System/Library/Frameworks/OpenGL.framework/Versions/A/OpenGL
0x0000000006903000 	/System/Library/Frameworks/CoreImage.framework/Versions/A/CoreImage
0x0000000006903000 	/System/Library/Frameworks/CoreText.framework/Versions/A/CoreText
0x0000000006903000 	/System/Library/Frameworks/ImageIO.framework/Versions/A/ImageIO
0x0000000006903000 	/System/Library/PrivateFrameworks/Backup.framework/Versions/A/Backup
0x0000000006903000 	/usr/lib/libarchive.2.dylib
0x0000000006903000 	/System/Library/Frameworks/CFNetwork.framework/Versions/A/CFNetwork
0x0000000006903000 	/System/Library/Frameworks/SystemConfiguration.framework/Versions/A/SystemConfiguration
0x0000000006903000 	/usr/lib/libCRFSuite.dylib
0x0000000006903000 	/usr/lib/libc++.1.dylib
0x0000000006903000 	/usr/lib/libc++abi.dylib
0x0000000006903000 	/usr/lib/system/libcache.dylib
0x0000000006903000 	/usr/lib/system/libcommonCrypto.dylib
0x0000000006903000 	/usr/lib/system/libcompiler_rt.dylib
0x0000000006903000 	/usr/lib/system/libcopyfile.dylib
0x0000000006903000 	/usr/lib/system/libcorecrypto.dylib
0x0000000006903000 	/usr/lib/system/libdispatch.dylib
0x0000000006903000 	/usr/lib/system/libdyld.dylib
0x0000000006903000 	/usr/lib/system/libkeymgr.dylib
0x0000000006903000 	/usr/lib/system/liblaunch.dylib
0x0000000006903000 	/usr/lib/system/libmacho.dylib
0x0000000006903000 	/usr/lib/system/libquarantine.dylib
0x0000000006903000 	/usr/lib/system/libremovefile.dylib
0x0000000006903000 	/usr/lib/system/libsystem_asl.dylib
0x0000000006903000 	/usr/lib/system/libsystem_blocks.dylib
0x0000000006903000 	/usr/lib/system/libsystem_c.dylib
0x0000000006903000 	/usr/lib/system/libsystem_configuration.dylib
0x0000000006903000 	/usr/lib/system/libsystem_coreservices.dylib
0x0000000006903000 	/usr/lib/system/libsystem_coretls.dylib
0x0000000006903000 	/usr/lib/system/libsystem_dnssd.dylib
0x0000000006903000 	/usr/lib/system/libsystem_info.dylib
0x0000000006903000 	/usr/lib/system/libsystem_kernel.dylib
0x0000000006903000 	/usr/lib/system/libsystem_m.dylib
0x0000000006903000 	/usr/lib/system/libsystem_malloc.dylib
0x0000000006903000 	/usr/lib/system/libsystem_network.dylib
0x0000000006903000 	/usr/lib/system/libsystem_networkextension.dylib
0x0000000006903000 	/usr/lib/system/libsystem_notify.dylib
0x0000000006903000 	/usr/lib/system/libsystem_platform.dylib
0x0000000006903000 	/usr/lib/system/libsystem_pthread.dylib
0x0000000006903000 	/usr/lib/system/libsystem_sandbox.dylib
0x0000000006903000 	/usr/lib/system/libsystem_secinit.dylib
0x0000000006903000 	/usr/lib/system/libsystem_symptoms.dylib
0x0000000006903000 	/usr/lib/system/libsystem_trace.dylib
0x0000000006903000 	/usr/lib/system/libunwind.dylib
0x0000000006903000 	/usr/lib/system/libxpc.dylib
0x0000000006903000 	/usr/lib/libbsm.0.dylib
0x0000000006903000 	/usr/lib/system/libkxld.dylib
0x0000000006903000 	/usr/lib/libcoretls.dylib
0x0000000006903000 	/usr/lib/libcoretls_cfhelpers.dylib
0x0000000006903000 	/usr/lib/libOpenScriptingUtil.dylib
0x0000000006903000 	/usr/lib/libpam.2.dylib
0x0000000006903000 	/usr/lib/libsqlite3.dylib
0x0000000006903000 	/usr/lib/libxar.1.dylib
0x0000000006903000 	/usr/lib/libbz2.1.0.dylib
0x0000000006903000 	/usr/lib/liblzma.5.dylib
0x0000000006903000 	/usr/lib/libnetwork.dylib
0x0000000006903000 	/usr/lib/libpcap.A.dylib
0x0000000006903000 	/System/Library/Frameworks/CoreServices.framework/Versions/A/Frameworks/FSEvents.framework/Versions/A/FSEvents
0x0000000006903000 	/System/Library/Frameworks/CoreServices.framework/Versions/A/Frameworks/CarbonCore.framework/Versions/A/CarbonCore
0x0000000006903000 	/System/Library/Frameworks/CoreServices.framework/Versions/A/Frameworks/Metadata.framework/Versions/A/Metadata
0x0000000006903000 	/System/Library/Frameworks/CoreServices.framework/Versions/A/Frameworks/OSServices.framework/Versions/A/OSServices
0x0000000006903000 	/System/Library/Frameworks/CoreServices.framework/Versions/A/Frameworks/SearchKit.framework/Versions/A/SearchKit
0x0000000006903000 	/System/Library/Frameworks/CoreServices.framework/Versions/A/Frameworks/AE.framework/Versions/A/AE
0x0000000006903000 	/System/Library/Frameworks/CoreServices.framework/Versions/A/Frameworks/LaunchServices.framework/Versions/A/LaunchServices
0x0000000006903000 	/System/Library/Frameworks/CoreServices.framework/Versions/A/Frameworks/DictionaryServices.framework/Versions/A/DictionaryServices
0x0000000006903000 	/System/Library/Frameworks/CoreServices.framework/Versions/A/Frameworks/SharedFileList.framework/Versions/A/SharedFileList
0x0000000006903000 	/System/Library/Frameworks/NetFS.framework/Versions/A/NetFS
0x0000000006903000 	/System/Library/PrivateFrameworks/NetAuth.framework/Versions/A/NetAuth
0x0000000006903000 	/System/Library/PrivateFrameworks/login.framework/Versions/A/Frameworks/loginsupport.framework/Versions/A/loginsupport
0x0000000006903000 	/System/Library/PrivateFrameworks/TCC.framework/Versions/A/TCC
0x0000000006903000 	/usr/lib/libmecabra.dylib
0x0000000006903000 	/System/Library/Frameworks/ApplicationServices.framework/Versions/A/Frameworks/ATS.framework/Versions/A/ATS
0x0000000006903000 	/System/Library/Frameworks/ApplicationServices.framework/Versions/A/Frameworks/ColorSync.framework/Versions/A/ColorSync
0x0000000006903000 	/System/Library/Frameworks/ApplicationServices.framework/Versions/A/Frameworks/HIServices.framework/Versions/A/HIServices
0x0000000006903000 	/System/Library/Frameworks/ApplicationServices.framework/Versions/A/Frameworks/LangAnalysis.framework/Versions/A/LangAnalysis
0x0000000006903000 	/System/Library/Frameworks/ApplicationServices.framework/Versions/A/Frameworks/PrintCore.framework/Versions/A/PrintCore
0x0000000006903000 	/System/Library/Frameworks/ApplicationServices.framework/Versions/A/Frameworks/QD.framework/Versions/A/QD
0x0000000006903000 	/System/Library/Frameworks/ApplicationServices.framework/Versions/A/Frameworks/SpeechSynthesis.framework/Versions/A/SpeechSynthesis
0x0000000006903000 	/System/Library/Frameworks/Accelerate.framework/Versions/A/Frameworks/vImage.framework/Versions/A/vImage
0x0000000006903000 	/System/Library/Frameworks/Accelerate.framework/Versions/A/Frameworks/vecLib.framework/Versions/A/vecLib
0x0000000006903000 	/System/Library/Frameworks/Accelerate.framework/Versions/A/Frameworks/vecLib.framework/Versions/A/libvDSP.dylib
0x0000000006903000 	/System/Library/Frameworks/Accelerate.framework/Versions/A/Frameworks/vecLib.framework/Versions/A/libBNNS.dylib
0x0000000006903000 	/System/Library/Frameworks/Accelerate.framework/Versions/A/Frameworks/vecLib.framework/Versions/A/libQuadrature.dylib
0x0000000006903000 	/System/Library/Frameworks/Accelerate.framework/Versions/A/Frameworks/vecLib.framework/Versions/A/libvMisc.dylib
0x0000000006903000 	/System/Library/Frameworks/Accelerate.framework/Versions/A/Frameworks/vecLib.framework/Versions/A/libLAPACK.dylib
0x0000000006903000 	/System/Library/Frameworks/Accelerate.framework/Versions/A/Frameworks/vecLib.framework/Versions/A/libBLAS.dylib
0x0000000006903000 	/System/Library/Frameworks/Accelerate.framework/Versions/A/Frameworks/vecLib.framework/Versions/A/libLinearAlgebra.dylib
0x0000000006903000 	/System/Library/Frameworks/Accelerate.framework/Versions/A/Frameworks/vecLib.framework/Versions/A/libSparseBLAS.dylib
0x0000000006903000 	/System/Library/Frameworks/ApplicationServices.framework/Versions/A/Frameworks/ATS.framework/Versions/A/Resources/libFontParser.dylib
0x0000000006903000 	/System/Library/Frameworks/ApplicationServices.framework/Versions/A/Frameworks/ATS.framework/Versions/A/Resources/libFontRegistry.dylib
0x0000000006903000 	/System/Library/Frameworks/ImageIO.framework/Versions/A/Resources/libJPEG.dylib
0x0000000006903000 	/System/Library/Frameworks/ImageIO.framework/Versions/A/Resources/libTIFF.dylib
0x0000000006903000 	/System/Library/Frameworks/ImageIO.framework/Versions/A/Resources/libPng.dylib
0x0000000006903000 	/System/Library/Frameworks/ImageIO.framework/Versions/A/Resources/libGIF.dylib
0x0000000006903000 	/System/Library/Frameworks/ImageIO.framework/Versions/A/Resources/libJP2.dylib
0x0000000006903000 	/System/Library/Frameworks/ImageIO.framework/Versions/A/Resources/libRadiance.dylib
0x0000000006903000 	/usr/lib/libcompression.dylib
0x0000000006903000 	/System/Library/PrivateFrameworks/AppleJPEG.framework/Versions/A/AppleJPEG
0x0000000006903000 	/usr/lib/libcups.2.dylib
0x0000000006903000 	/System/Library/Frameworks/Kerberos.framework/Versions/A/Kerberos
0x0000000006903000 	/System/Library/Frameworks/GSS.framework/Versions/A/GSS
0x0000000006903000 	/usr/lib/libresolv.9.dylib
0x0000000006903000 	/usr/lib/libiconv.2.dylib
0x0000000006903000 	/System/Library/PrivateFrameworks/Heimdal.framework/Versions/A/Heimdal
0x0000000006903000 	/usr/lib/libheimdal-asn1.dylib
0x0000000006903000 	/System/Library/Frameworks/OpenDirectory.framework/Versions/A/OpenDirectory
0x0000000006903000 	/System/Library/PrivateFrameworks/CommonAuth.framework/Versions/A/CommonAuth
0x0000000006903000 	/System/Library/Frameworks/OpenDirectory.framework/Versions/A/Frameworks/CFOpenDirectory.framework/Versions/A/CFOpenDirectory
0x0000000006903000 	/System/Library/Frameworks/SecurityFoundation.framework/Versions/A/SecurityFoundation
0x0000000006903000 	/System/Library/PrivateFrameworks/LanguageModeling.framework/Versions/A/LanguageModeling
0x0000000006903000 	/usr/lib/libmarisa.dylib
0x0000000006903000 	/usr/lib/libChineseTokenizer.dylib
0x0000000006903000 	/usr/lib/libcmph.dylib
0x0000000006903000 	/System/Library/PrivateFrameworks/CoreEmoji.framework/Versions/A/CoreEmoji
0x0000000006903000 	/System/Library/Frameworks/ServiceManagement.framework/Versions/A/ServiceManagement
0x0000000006903000 	/usr/lib/libxslt.1.dylib
0x0000000006903000 	/System/Library/Frameworks/Carbon.framework/Versions/A/Frameworks/Ink.framework/Versions/A/Ink
0x0000000006903000 	/System/Library/PrivateFrameworks/TextureIO.framework/Versions/A/TextureIO
0x0000000006903000 	/System/Library/Frameworks/Metal.framework/Versions/A/Metal
0x0000000006903000 	/usr/lib/libate.dylib
0x0000000006903000 	/System/Library/PrivateFrameworks/GPUCompiler.framework/libmetal_timestamp.dylib
0x0000000006903000 	/System/Library/Frameworks/OpenGL.framework/Versions/A/Libraries/libCoreFSCache.dylib
0x0000000006903000 	/System/Library/PrivateFrameworks/IOAccelerator.framework/Versions/A/IOAccelerator
0x0000000006903000 	/System/Library/Frameworks/CoreVideo.framework/Versions/A/CoreVideo
0x0000000006903000 	/usr/lib/libFosl_dynamic.dylib
0x0000000006903000 	/System/Library/PrivateFrameworks/MetalPerformanceShaders.framework/Versions/A/MetalPerformanceShaders
0x0000000006903000 	/System/Library/PrivateFrameworks/FaceCore.framework/Versions/A/FaceCore
0x0000000006903000 	/System/Library/Frameworks/OpenCL.framework/Versions/A/OpenCL
0x0000000006903000 	/System/Library/Frameworks/OpenGL.framework/Versions/A/Libraries/libGLU.dylib
0x0000000006903000 	/System/Library/Frameworks/OpenGL.framework/Versions/A/Libraries/libGFXShared.dylib
0x0000000006903000 	/System/Library/Frameworks/OpenGL.framework/Versions/A/Libraries/libGL.dylib
0x0000000006903000 	/System/Library/Frameworks/OpenGL.framework/Versions/A/Libraries/libGLImage.dylib
0x0000000006903000 	/System/Library/Frameworks/OpenGL.framework/Versions/A/Libraries/libCVMSPluginSupport.dylib
0x0000000006903000 	/System/Library/Frameworks/OpenGL.framework/Versions/A/Libraries/libCoreVMClient.dylib
0x0000000006903000 	/System/Library/PrivateFrameworks/CrashReporterSupport.framework/Versions/A/CrashReporterSupport
0x0000000006903000 	/System/Library/PrivateFrameworks/Sharing.framework/Versions/A/Sharing
0x0000000006903000 	/System/Library/PrivateFrameworks/IconServices.framework/Versions/A/IconServices
0x0000000006903000 	/System/Library/PrivateFrameworks/ProtocolBuffer.framework/Versions/A/ProtocolBuffer
0x0000000006903000 	/System/Library/PrivateFrameworks/Apple80211.framework/Versions/A/Apple80211
0x0000000006903000 	/System/Library/Frameworks/CoreWLAN.framework/Versions/A/CoreWLAN
0x0000000006903000 	/System/Library/PrivateFrameworks/CoreUtils.framework/Versions/A/CoreUtils
0x0000000006903000 	/System/Library/Frameworks/IOBluetooth.framework/Versions/A/IOBluetooth
0x0000000006903000 	/System/Library/PrivateFrameworks/CoreWiFi.framework/Versions/A/CoreWiFi
0x0000000006903000 	/System/Library/Frameworks/CoreBluetooth.framework/Versions/A/CoreBluetooth
0x0000000006903000 	/System/Library/Frameworks/CoreDisplay.framework/Versions/A/CoreDisplay
0x0000000006903000 	/System/Library/PrivateFrameworks/IOPresentment.framework/Versions/A/IOPresentment
0x0000000006903000 	/System/Library/PrivateFrameworks/DSExternalDisplay.framework/Versions/A/DSExternalDisplay
0x0000000006903000 	/System/Library/PrivateFrameworks/DebugSymbols.framework/Versions/A/DebugSymbols
0x0000000006903000 	/System/Library/PrivateFrameworks/CoreSymbolication.framework/Versions/A/CoreSymbolication
0x0000000006903000 	/System/Library/PrivateFrameworks/Symbolication.framework/Versions/A/Symbolication
0x0000000006903000 	/System/Library/PrivateFrameworks/AppleFSCompression.framework/Versions/A/AppleFSCompression
0x0000000006903000 	/System/Library/PrivateFrameworks/SpeechRecognitionCore.framework/Versions/A/SpeechRecognitionCore
0x0000000006903000 	/System/Library/PrivateFrameworks/ChunkingLibrary.framework/Versions/A/ChunkingLibrary
0x000000010478b000 	/Library/Java/JavaVirtualMachines/jdk1.8.0_121.jdk/Contents/Home/jre/lib/server/libjvm.dylib
0x0000000006903000 	/usr/lib/libstdc++.6.dylib
0x0000000103a00000 	/Library/Java/JavaVirtualMachines/jdk1.8.0_121.jdk/Contents/Home/jre/lib/libverify.dylib
0x0000000103a0e000 	/Library/Java/JavaVirtualMachines/jdk1.8.0_121.jdk/Contents/Home/jre/lib/libjava.dylib
0x0000000103a4b000 	/Library/Java/JavaVirtualMachines/jdk1.8.0_121.jdk/Contents/Home/jre/lib/libzip.dylib
0x000000011fb0f000 	/System/Library/Frameworks/JavaVM.framework/Frameworks/JavaRuntimeSupport.framework/JavaRuntimeSupport
0x000000011fb29000 	/System/Library/Frameworks/JavaVM.framework/Versions/A/Frameworks/JavaNativeFoundation.framework/Versions/A/JavaNativeFoundation
0x000000011fb3e000 	/System/Library/Frameworks/JavaVM.framework/Versions/A/JavaVM
0x0000000006903000 	/System/Library/Frameworks/Carbon.framework/Versions/A/Carbon
0x000000011fb4b000 	/System/Library/PrivateFrameworks/JavaLaunching.framework/Versions/A/JavaLaunching
0x0000000006903000 	/System/Library/Frameworks/Carbon.framework/Versions/A/Frameworks/CommonPanels.framework/Versions/A/CommonPanels
0x0000000006903000 	/System/Library/Frameworks/Carbon.framework/Versions/A/Frameworks/Help.framework/Versions/A/Help
0x0000000006903000 	/System/Library/Frameworks/Carbon.framework/Versions/A/Frameworks/ImageCapture.framework/Versions/A/ImageCapture
0x0000000006903000 	/System/Library/Frameworks/Carbon.framework/Versions/A/Frameworks/OpenScripting.framework/Versions/A/OpenScripting
0x0000000006903000 	/System/Library/Frameworks/Carbon.framework/Versions/A/Frameworks/Print.framework/Versions/A/Print
0x0000000006903000 	/System/Library/Frameworks/Carbon.framework/Versions/A/Frameworks/SecurityHI.framework/Versions/A/SecurityHI
0x0000000121554000 	/Library/Java/JavaVirtualMachines/jdk1.8.0_121.jdk/Contents/Home/jre/lib/libprism_es2.dylib
0x00000001215ba000 	/System/Library/Frameworks/OpenGL.framework/Resources/GLEngine.bundle/GLEngine
0x0000000006903000 	/System/Library/Frameworks/OpenGL.framework/Versions/A/Libraries/libGLProgrammability.dylib
0x000000012179f000 	/System/Library/Extensions/AppleIntelHD5000GraphicsGLDriver.bundle/Contents/MacOS/AppleIntelHD5000GraphicsGLDriver
0x0000000006903000 	/System/Library/PrivateFrameworks/GPUSupport.framework/Versions/A/Libraries/libGPUSupportMercury.dylib
0x0000000121f12000 	/System/Library/Extensions/AMDRadeonX4000GLDriver.bundle/Contents/MacOS/AMDRadeonX4000GLDriver
0x0000000121ff2000 	/System/Library/Extensions/AMDRadeonX4000GLDriver.bundle/Contents/MacOS/ATIRadeonX4000SCLib.dylib
0x00000001225d1000 	/System/Library/Frameworks/OpenGL.framework/Resources//GLRendererFloat.bundle/GLRendererFloat
0x0000000006903000 	/System/Library/Frameworks/OpenCL.framework/Versions/A/Libraries/libcldcpuengine.dylib
0x0000000006903000 	/usr/lib/libcrypto.0.9.8.dylib
0x0000000006903000 	/System/Library/PrivateFrameworks/TrustEvaluationAgent.framework/Versions/A/TrustEvaluationAgent
0x0000000122658000 	/Library/Java/JavaVirtualMachines/jdk1.8.0_121.jdk/Contents/Home/jre/lib/libglass.dylib
0x0000000006903000 	/System/Library/PrivateFrameworks/CoreServicesInternal.framework/Versions/A/CoreServicesInternal
0x0000000006903000 	/System/Library/CoreServices/RawCamera.bundle/Contents/MacOS/RawCamera
0x0000000006903000 	/System/Library/Frameworks/Accelerate.framework/Versions/A/Frameworks/vImage.framework/Versions/A/Libraries/libCGInterfaces.dylib
0x0000000006903000 	/System/Library/PrivateFrameworks/FamilyControls.framework/Versions/A/FamilyControls
0x0000000006903000 	/System/Library/PrivateFrameworks/CommerceKit.framework/Versions/A/Frameworks/CommerceCore.framework/Versions/A/CommerceCore
0x0000000006903000 	/System/Library/PrivateFrameworks/SystemAdministration.framework/Versions/A/SystemAdministration
0x0000000006903000 	/System/Library/PrivateFrameworks/AppContainer.framework/Versions/A/AppContainer
0x0000000006903000 	/System/Library/PrivateFrameworks/SecCodeWrapper.framework/Versions/A/SecCodeWrapper
0x0000000006903000 	/System/Library/Frameworks/DirectoryService.framework/Versions/A/DirectoryService
0x0000000006903000 	/System/Library/PrivateFrameworks/DiskImages.framework/Versions/A/DiskImages
0x0000000006903000 	/System/Library/PrivateFrameworks/LoginUIKit.framework/Versions/A/Frameworks/LoginUICore.framework/Versions/A/LoginUICore
0x0000000006903000 	/usr/lib/libCoreStorage.dylib
0x0000000006903000 	/usr/lib/libcsfde.dylib
0x0000000006903000 	/usr/lib/libodfde.dylib
0x0000000006903000 	/System/Library/Frameworks/DiscRecording.framework/Versions/A/DiscRecording
0x0000000006903000 	/usr/lib/libcurl.4.dylib
0x0000000006903000 	/System/Library/PrivateFrameworks/MediaKit.framework/Versions/A/MediaKit
0x0000000006903000 	/System/Library/PrivateFrameworks/ProtectedCloudStorage.framework/Versions/A/ProtectedCloudStorage
0x0000000006903000 	/System/Library/PrivateFrameworks/EFILogin.framework/Versions/A/EFILogin
0x0000000006903000 	/usr/lib/libutil.dylib
0x0000000006903000 	/System/Library/Frameworks/LDAP.framework/Versions/A/LDAP
0x0000000006903000 	/usr/lib/libsasl2.2.dylib
0x0000000006903000 	/System/Library/PrivateFrameworks/CoreDaemon.framework/Versions/B/CoreDaemon
0x0000000006903000 	/System/Library/PrivateFrameworks/AppleSRP.framework/Versions/A/AppleSRP
0x0000000006903000 	/System/Library/PrivateFrameworks/APFS.framework/Versions/A/APFS
0x0000000122cee000 	/Library/Java/JavaVirtualMachines/jdk1.8.0_121.jdk/Contents/Home/jre/lib/libjavafx_font.dylib
0x0000000126c78000 	/Library/Java/JavaVirtualMachines/jdk1.8.0_121.jdk/Contents/Home/jre/lib/libjavafx_iio.dylib
0x0000000006903000 	/System/Library/Frameworks/ApplicationServices.framework/Versions/A/Frameworks/ATS.framework/Versions/A/Resources/libTrueTypeScaler.dylib
0x0000000006903000 	/System/Library/Extensions/AMDMTLBronzeDriver.bundle/Contents/MacOS/AMDMTLBronzeDriver
0x0000000006903000 	/System/Library/PrivateFrameworks/IOAccelMemoryInfo.framework/Versions/A/IOAccelMemoryInfo
0x000000012904a000 	/System/Library/Extensions/AppleIntelHD5000GraphicsMTLDriver.bundle/Contents/MacOS/AppleIntelHD5000GraphicsMTLDriver
0x0000000128ecc000 	/Library/Java/JavaVirtualMachines/jdk1.8.0_121.jdk/Contents/Home/jre/lib/libprism_common.dylib
0x0000000006903000 	/System/Library/PrivateFrameworks/ViewBridge.framework/Versions/A/ViewBridge
0x0000000006903000 	/System/Library/PrivateFrameworks/XPCService.framework/Versions/A/XPCService
0x0000000006903000 	/System/Library/PrivateFrameworks/AppSandbox.framework/Versions/A/AppSandbox
0x0000000006903000 	/usr/lib/libsandbox.1.dylib
0x0000000006903000 	/usr/lib/libMatch.1.dylib
0x0000000123778000 	/Library/Java/JavaVirtualMachines/jdk1.8.0_121.jdk/Contents/Home/jre/lib/libnet.dylib

VM Arguments:
java_command: /Users/cmeehan/NetBeansProjects/AuctionManager/target/AuctionManager-0.0.1.jar
java_class_path (initial): /Users/cmeehan/NetBeansProjects/AuctionManager/target/AuctionManager-0.0.1.jar
Launcher Type: SUN_STANDARD

Environment Variables:
JAVA_HOME=/Library/Java/JavaVirtualMachines/jdk1.8.0_121.jdk/Contents/Home
PATH=/usr/bin:/bin:/usr/sbin:/sbin
SHELL=/bin/bash

Signal Handlers:
SIGSEGV: [libjvm.dylib+0x5b1141], sa_mask[0]=11111111011111110111111111111111, sa_flags=SA_ONSTACK|SA_RESTART|SA_SIGINFO
SIGBUS: [libjvm.dylib+0x5b1141], sa_mask[0]=11111111011111110111111111111111, sa_flags=SA_RESTART|SA_SIGINFO
SIGFPE: [libjvm.dylib+0x487bc4], sa_mask[0]=11111111011111110111111111111111, sa_flags=SA_RESTART|SA_SIGINFO
SIGPIPE: [libjvm.dylib+0x487bc4], sa_mask[0]=11111111011111110111111111111111, sa_flags=SA_RESTART|SA_SIGINFO
SIGXFSZ: [libjvm.dylib+0x487bc4], sa_mask[0]=11111111011111110111111111111111, sa_flags=SA_RESTART|SA_SIGINFO
SIGILL: [libjvm.dylib+0x487bc4], sa_mask[0]=11111111011111110111111111111111, sa_flags=SA_RESTART|SA_SIGINFO
SIGUSR1: SIG_DFL, sa_mask[0]=00000000000000000000000000000000, sa_flags=none
SIGUSR2: [libjvm.dylib+0x4876e2], sa_mask[0]=00100000000000000000000000000000, sa_flags=SA_RESTART|SA_SIGINFO
SIGHUP: [libjvm.dylib+0x485cb9], sa_mask[0]=11111111011111110111111111111111, sa_flags=SA_RESTART|SA_SIGINFO
SIGINT: SIG_IGN, sa_mask[0]=00000000000000000000000000000000, sa_flags=none
SIGTERM: [libjvm.dylib+0x485cb9], sa_mask[0]=11111111011111110111111111111111, sa_flags=SA_RESTART|SA_SIGINFO
SIGQUIT: [libjvm.dylib+0x485cb9], sa_mask[0]=11111111011111110111111111111111, sa_flags=SA_RESTART|SA_SIGINFO


---------------  S Y S T E M  ---------------

OS:Bsduname:Darwin 16.7.0 Darwin Kernel Version 16.7.0: Thu Jun 15 17:36:27 PDT 2017; root:xnu-3789.70.16~2/RELEASE_X86_64 x86_64
rlimit: STACK 8192k, CORE 0k, NPROC 709, NOFILE 10240, AS infinity
load average:2.37 1.88 1.81

CPU:total 8 (4 cores per cpu, 2 threads per core) family 6 model 70 stepping 1, cmov, cx8, fxsr, mmx, sse, sse2, sse3, ssse3, sse4.1, sse4.2, popcnt, avx, avx2, aes, clmul, erms, lzcnt, ht, tsc, tscinvbit, bmi1, bmi2

Memory: 4k page, physical 16777216k(25228k free)

/proc/meminfo:


vm_info: Java HotSpot(TM) 64-Bit Server VM (25.121-b13) for bsd-amd64 JRE (1.8.0_121-b13), built on Dec 12 2016 20:39:32 by "java_re" with gcc 4.2.1 (Based on Apple Inc. build 5658) (LLVM build 2336.11.00)

time: Wed Sep  6 12:16:03 2017
elapsed time: 14 seconds (0d 0h 0m 14s)

